#
# There is insufficient memory for the Java Runtime Environment to continue.
# Native memory allocation (mmap) failed to map 98566144 bytes for Failed to commit area from 0x00000000a2c00000 to 0x00000000a8a00000 of length 98566144.
# Possible reasons:
#   The system is out of physical RAM or swap space
#   The process is running with CompressedOops enabled, and the Java Heap may be blocking the growth of the native heap
# Possible solutions:
#   Reduce memory load on the system
#   Increase physical memory or swap space
#   Check if swap backing store is full
#   Decrease Java heap size (-Xmx/-Xms)
#   Decrease number of Java threads
#   Decrease Java thread stack sizes (-Xss)
#   Set larger code cache with -XX:ReservedCodeCacheSize=
# This output file may be truncated or incomplete.
#
#  Out of Memory Error (./src/hotspot/os/windows/os_windows.cpp:3387), pid=90476, tid=51348
#
# JRE version:  (11.0.14.1+1) (build )
# Java VM: OpenJDK 64-Bit Server VM (11.0.14.1+1, mixed mode, sharing, tiered, compressed oops, g1 gc, windows-amd64)
# No core dump will be written. Minidumps are not enabled by default on client versions of Windows
#

---------------  S U M M A R Y ------------

Command Line: 

Host: AMD Ryzen 5 5500U with Radeon Graphics         , 12 cores, 5G,  Windows 10 , 64 bit Build 19041 (10.0.19041.3636)
Time: Thu May  9 13:48:34 2024 Западная Европа (лето) elapsed time: 0.032208 seconds (0d 0h 0m 0s)

---------------  T H R E A D  ---------------

Current thread (0x00000258cb883000):  JavaThread "Unknown thread" [_thread_in_vm, id=51348, stack(0x000000c05fe00000,0x000000c05ff00000)]

Stack: [0x000000c05fe00000,0x000000c05ff00000]
Native frames: (J=compiled Java code, j=interpreted, Vv=VM code, C=native code)
V  [jvm.dll+0x61e59a]
V  [jvm.dll+0x7aaca9]
V  [jvm.dll+0x7ac398]
V  [jvm.dll+0x7aca73]
V  [jvm.dll+0x24f9b8]
V  [jvm.dll+0x61b83a]
V  [jvm.dll+0x6100c5]
V  [jvm.dll+0x30772c]
V  [jvm.dll+0x3075b2]
V  [jvm.dll+0x30c2d6]
V  [jvm.dll+0x35272f]
V  [jvm.dll+0x352160]
V  [jvm.dll+0x2e4728]
V  [jvm.dll+0x2e5886]
V  [jvm.dll+0x784b07]
V  [jvm.dll+0x78628f]
V  [jvm.dll+0x35f479]
V  [jvm.dll+0x767aa0]
V  [jvm.dll+0x3ccf1f]
V  [jvm.dll+0x3cf2b1]
C  [jli.dll+0x5207]
C  [ucrtbase.dll+0x21bb2]
C  [KERNEL32.DLL+0x17344]
C  [ntdll.dll+0x526b1]


---------------  P R O C E S S  ---------------

Threads class SMR info:
_java_thread_list=0x00000258cb6866f0, length=0, elements={
}

Java Threads: ( => current thread )

Other Threads:
  0x00000258cb89a000 GCTaskThread "GC Thread#0" [stack: 0x000000c05ff00000,0x000000c060000000] [id=34288]
  0x00000258cb8bf800 ConcurrentGCThread "G1 Main Marker" [stack: 0x000000c060000000,0x000000c060100000] [id=103608]
  0x00000258cb8c3000 ConcurrentGCThread "G1 Conc#0" [stack: 0x000000c060100000,0x000000c060200000] [id=39788]

[error occurred during error reporting (printing all threads), id 0xc0000005, EXCEPTION_ACCESS_VIOLATION (0xc0000005) at pc=0x00007fff6bd63ef7]

VM state:not at safepoint (not fully initialized)

VM Mutex/Monitor currently owned by a thread:  ([mutex/lock_event])
[0x00000258cb87ea40] Heap_lock - owner thread: 0x00000258cb883000

Heap address: 0x00000000a2c00000, size: 1492 MB, Compressed Oops mode: Non-zero based: 0x00000000a2c00000
Narrow klass base: 0x0000000000000000, Narrow klass shift: 0

GC Heap History (0 events):
No events

Deoptimization events (0 events):
No events

Classes redefined (0 events):
No events

Internal exceptions (0 events):
No events

Events (1 events):
Event: 0.017 Loaded shared library D:\Coding\2023.2.15f1\Editor\Data\PlaybackEngines\AndroidPlayer\OpenJDK\bin\zip.dll


Dynamic libraries:
0x00007ff735f70000 - 0x00007ff735f7d000 	D:\Coding\2023.2.15f1\Editor\Data\PlaybackEngines\AndroidPlayer\OpenJDK\bin\java.exe
0x00007ff84de10000 - 0x00007ff84e008000 	C:\Windows\SYSTEM32\ntdll.dll
0x00007ff84c640000 - 0x00007ff84c6fd000 	C:\Windows\System32\KERNEL32.DLL
0x00007ff84b620000 - 0x00007ff84b916000 	C:\Windows\System32\KERNELBASE.dll
0x00007ff84bad0000 - 0x00007ff84bbd0000 	C:\Windows\System32\ucrtbase.dll
0x00007ff81d090000 - 0x00007ff81d0a7000 	D:\Coding\2023.2.15f1\Editor\Data\PlaybackEngines\AndroidPlayer\OpenJDK\bin\jli.dll
0x00007ff81d0b0000 - 0x00007ff81d0c5000 	D:\Coding\2023.2.15f1\Editor\Data\PlaybackEngines\AndroidPlayer\OpenJDK\bin\VCRUNTIME140.dll
0x00007ff84c4a0000 - 0x00007ff84c63f000 	C:\Windows\System32\USER32.dll
0x00007ff84be10000 - 0x00007ff84be32000 	C:\Windows\System32\win32u.dll
0x00007ff84ca60000 - 0x00007ff84ca8b000 	C:\Windows\System32\GDI32.dll
0x00007ff836c80000 - 0x00007ff836f1a000 	C:\Windows\WinSxS\amd64_microsoft.windows.common-controls_6595b64144ccf1df_6.0.19041.3636_none_60b6a03d71f818d5\COMCTL32.dll
0x00007ff84bc40000 - 0x00007ff84bd57000 	C:\Windows\System32\gdi32full.dll
0x00007ff84ce30000 - 0x00007ff84cece000 	C:\Windows\System32\msvcrt.dll
0x00007ff84ba30000 - 0x00007ff84bacd000 	C:\Windows\System32\msvcp_win.dll
0x00007ff84cd80000 - 0x00007ff84cdb2000 	C:\Windows\System32\IMM32.DLL
0x00007ff812e00000 - 0x00007ff812e9b000 	D:\Coding\2023.2.15f1\Editor\Data\PlaybackEngines\AndroidPlayer\OpenJDK\bin\msvcp140.dll
0x00007fff6ba70000 - 0x00007fff6c5f1000 	D:\Coding\2023.2.15f1\Editor\Data\PlaybackEngines\AndroidPlayer\OpenJDK\bin\server\jvm.dll
0x00007ff84c200000 - 0x00007ff84c2b0000 	C:\Windows\System32\ADVAPI32.dll
0x00007ff84c310000 - 0x00007ff84c3b0000 	C:\Windows\System32\sechost.dll
0x00007ff84cc50000 - 0x00007ff84cd73000 	C:\Windows\System32\RPCRT4.dll
0x00007ff84ba00000 - 0x00007ff84ba27000 	C:\Windows\System32\bcrypt.dll
0x00007ff84cfe0000 - 0x00007ff84cfe8000 	C:\Windows\System32\PSAPI.DLL
0x00007ff82c6e0000 - 0x00007ff82c6e9000 	C:\Windows\SYSTEM32\WSOCK32.dll
0x00007ff841740000 - 0x00007ff841767000 	C:\Windows\SYSTEM32\WINMM.dll
0x00007ff841730000 - 0x00007ff84173a000 	C:\Windows\SYSTEM32\VERSION.dll
0x00007ff84cdc0000 - 0x00007ff84ce2b000 	C:\Windows\System32\WS2_32.dll
0x00007ff8494f0000 - 0x00007ff849502000 	C:\Windows\SYSTEM32\kernel.appcore.dll
0x00007ff845490000 - 0x00007ff8454a0000 	D:\Coding\2023.2.15f1\Editor\Data\PlaybackEngines\AndroidPlayer\OpenJDK\bin\verify.dll
0x00007ff848f70000 - 0x00007ff849154000 	C:\Windows\SYSTEM32\DBGHELP.DLL
0x00007ff8355e0000 - 0x00007ff835614000 	C:\Windows\SYSTEM32\dbgcore.DLL
0x00007ff84b920000 - 0x00007ff84b9a2000 	C:\Windows\System32\bcryptPrimitives.dll
0x00007ff81d060000 - 0x00007ff81d088000 	D:\Coding\2023.2.15f1\Editor\Data\PlaybackEngines\AndroidPlayer\OpenJDK\bin\java.dll
0x00007ff8453f0000 - 0x00007ff8453fa000 	D:\Coding\2023.2.15f1\Editor\Data\PlaybackEngines\AndroidPlayer\OpenJDK\bin\jimage.dll
0x00007ff81bda0000 - 0x00007ff81bdb8000 	D:\Coding\2023.2.15f1\Editor\Data\PlaybackEngines\AndroidPlayer\OpenJDK\bin\zip.dll

dbghelp: loaded successfully - version: 4.0.5 - missing functions: none
symbol engine: initialized successfully - sym options: 0x614 - pdb path: .;D:\Coding\2023.2.15f1\Editor\Data\PlaybackEngines\AndroidPlayer\OpenJDK\bin;C:\Windows\SYSTEM32;C:\Windows\WinSxS\amd64_microsoft.windows.common-controls_6595b64144ccf1df_6.0.19041.3636_none_60b6a03d71f818d5;D:\Coding\2023.2.15f1\Editor\Data\PlaybackEngines\AndroidPlayer\OpenJDK\bin\server

VM Arguments:
java_command: <unknown>
java_class_path (initial): <not set>
Launcher Type: SUN_STANDARD

[Global flags]
     intx CICompilerCount                          = 4                                         {product} {ergonomic}
     uint ConcGCThreads                            = 3                                         {product} {ergonomic}
     uint G1ConcRefinementThreads                  = 10                                        {product} {ergonomic}
   size_t G1HeapRegionSize                         = 1048576                                   {product} {ergonomic}
    uintx GCDrainStackTargetSize                   = 64                                        {product} {ergonomic}
   size_t InitialHeapSize                          = 98566144                                  {product} {ergonomic}
   size_t MarkStackSize                            = 4194304                                   {product} {ergonomic}
   size_t MaxHeapSize                              = 1564475392                                {product} {ergonomic}
   size_t MinHeapDeltaBytes                        = 1048576                                   {product} {ergonomic}
    uintx NonNMethodCodeHeapSize                   = 5836300                                {pd product} {ergonomic}
    uintx NonProfiledCodeHeapSize                  = 122910970                              {pd product} {ergonomic}
    uintx ProfiledCodeHeapSize                     = 122910970                              {pd product} {ergonomic}
    uintx ReservedCodeCacheSize                    = 251658240                              {pd product} {ergonomic}
     bool SegmentedCodeCache                       = true                                      {product} {ergonomic}
     bool UseCompressedClassPointers               = true                                 {lp64_product} {ergonomic}
     bool UseCompressedOops                        = true                                 {lp64_product} {ergonomic}
     bool UseG1GC                                  = true                                      {product} {ergonomic}
     bool UseLargePagesIndividualAllocation        = false                                  {pd product} {ergonomic}

Logging:
Log output configuration:
 #0: stdout all=warning uptime,level,tags
 #1: stderr all=off uptime,level,tags

Environment Variables:
JAVA_HOME=D:\Coding\2023.2.15f1\Editor\Data\PlaybackEngines\AndroidPlayer\OpenJDK
PATH=C:\Program Files\Microsoft\jdk-11.0.16.101-hotspot\bin;C:\Program Files (x86)\NVIDIA Corporation\PhysX\Common;C:\Program Files\BellSoft\LibericaJDK-18-Full\bin\;C:\Program Files\Common Files\Oracle\Java\javapath;C:\Program Files (x86)\Common Files\Oracle\Java\javapath;C:\Windows\system32;C:\Windows;C:\Windows\System32\Wbem;C:\Windows\System32\WindowsPowerShell\v1.0\;C:\Windows\System32\OpenSSH\;C:\Program Files\Common Files\Autodesk Shared\;C:\Program Files (x86)\Autodesk\Backburner\;C:\Program Files\Microsoft SQL Server\150\Tools\Binn\;C:\Program Files\Microsoft SQL Server\Client SDK\ODBC\170\Tools\Binn\;C:\Program Files\nodejs\;C:\Gradle\gradle-8.6\bin;C:\Program Files\dotnet\;C:\Program Files\MySQL\MySQL Shell 8.0\bin\;C:\Users\kiry1\AppData\Local\Microsoft\WindowsApps;C:\Gradle\gradle-8.6\bin;C:\Users\kiry1\AppData\Local\Programs\Microsoft VS Code\bin;C:\Users\kiry1\.dotnet\tools;C:\Users\kiry1\AppData\Local\GitHubDesktop\bin;D:\Programs\Nmap;C:\Users\kiry1\AppData\Roaming\npm;
USERNAME=User
OS=Windows_NT
PROCESSOR_IDENTIFIER=AMD64 Family 23 Model 104 Stepping 1, AuthenticAMD



---------------  S Y S T E M  ---------------

OS: Windows 10 , 64 bit Build 19041 (10.0.19041.3636)
OS uptime: 18 days 5:05 hours
Hyper-V role detected

CPU:total 12 (initial active 12) (12 cores per cpu, 2 threads per core) family 23 model 104 stepping 1 microcode 0x0, cmov, cx8, fxsr, mmx, sse, sse2, sse3, ssse3, sse4.1, sse4.2, popcnt, avx, avx2, aes, clmul, mmxext, 3dnowpref, lzcnt, sse4a, ht, tsc, tscinvbit, tscinv, bmi1, bmi2, adx, sha, fma

Memory: 4k page, system-wide physical 5966M (136M free)
TotalPageFile size 24398M (AvailPageFile size 72M)
current process WorkingSet (physical memory assigned to process): 10M, peak: 10M
current process commit charge ("private bytes"): 64M, peak: 158M

vm_info: OpenJDK 64-Bit Server VM (11.0.14.1+1) for windows-amd64 JRE (11.0.14.1+1), built on Feb  9 2022 01:48:27 by "" with unknown MS VC++:1916

END.
